<?xml version="1.0" encoding="UTF-8"?>
<!-- Generated by org.testng.reporters.JUnitReportReporter -->
<testsuite hostname="IT-74" failures="0" tests="1" name="WPPOOL.WPPOOL.install" time="18.847" errors="0" timestamp="2023-09-18T19:16:11 BDT" skipped="0">
  <testcase classname="WPPOOL.WPPOOL.install" name="wpinstall" time="18.847"/>
</testsuite> <!-- WPPOOL.WPPOOL.install -->
