<?xml version="1.0" encoding="UTF-8"?>
<!-- Generated by org.testng.reporters.JUnitReportReporter -->
<testsuite hostname="IT-74" failures="0" tests="1" name="WPPOOL.WPPOOL.install" time="19.353" errors="0" timestamp="2023-09-17T19:22:38 BDT" skipped="0">
  <testcase classname="WPPOOL.WPPOOL.install" name="wpinstall" time="19.353"/>
</testsuite> <!-- WPPOOL.WPPOOL.install -->
